<?xml version="1.0" encoding="UTF-8"?>
<!-- Generated by org.testng.reporters.JUnitReportReporter -->
<testsuite hostname="EPINGUGW05C0" failures="0" tests="3" name="com.epam.featuretest.DataProviderTest" time="0.019" errors="0" timestamp="2024-09-20T14:10:07 IST" skipped="0">
  <testcase classname="com.epam.featuretest.DataProviderTest" name="testData" time="0.002"/>
  <testcase classname="com.epam.featuretest.DataProviderTest" name="testData" time="0.013"/>
  <testcase classname="com.epam.featuretest.DataProviderTest" name="testData" time="0.004"/>
</testsuite> <!-- com.epam.featuretest.DataProviderTest -->
