<?xml version="1.0" encoding="UTF-8"?>
<!-- Generated by org.testng.reporters.JUnitReportReporter -->
<testsuite hostname="EPINGUGW05C0" failures="0" tests="1" name="com.epam.featuretest.LoginTest" time="0.023" errors="0" timestamp="2024-09-20T13:56:03 IST" skipped="0">
  <testcase classname="com.epam.featuretest.LoginTest" name="isHomePageDisplayed" time="0.023"/>
</testsuite> <!-- com.epam.featuretest.LoginTest -->
