<?xml version="1.0" encoding="UTF-8"?>
<!-- Generated by org.testng.reporters.JUnitReportReporter -->
<testsuite hostname="EPINGUGW05C0" failures="0" tests="3" name="com.jenkins.featuretest.DataProviderTest" time="0.006" errors="0" timestamp="2024-09-22T14:52:16 IST" skipped="0">
  <testcase classname="com.jenkins.featuretest.DataProviderTest" name="testData" time="0.000"/>
  <testcase classname="com.jenkins.featuretest.DataProviderTest" name="testData" time="0.000"/>
  <testcase classname="com.jenkins.featuretest.DataProviderTest" name="testData" time="0.006"/>
</testsuite> <!-- com.jenkins.featuretest.DataProviderTest -->
