<?xml version="1.0" encoding="UTF-8"?>
<!-- Generated by org.testng.reporters.JUnitReportReporter -->
<testsuite hostname="EPINGUGW05C0" failures="0" tests="1" name="com.jenkins.featuretest.LoginTest" time="0.024" errors="0" timestamp="2024-09-22T14:25:08 IST" skipped="0">
  <testcase classname="com.jenkins.featuretest.LoginTest" name="isHomePageDisplayed" time="0.024"/>
</testsuite> <!-- com.jenkins.featuretest.LoginTest -->
